mode: set
go-watchlist/business/medias/service.go:14.70,19.2 1 1
go-watchlist/business/medias/service.go:22.71,25.16 2 1
go-watchlist/business/medias/service.go:29.2,29.19 1 1
go-watchlist/business/medias/service.go:25.16,27.3 1 0
go-watchlist/business/medias/service.go:32.59,35.21 2 1
go-watchlist/business/medias/service.go:39.2,39.19 1 1
go-watchlist/business/medias/service.go:35.21,37.3 1 1
go-watchlist/business/medias/service.go:42.64,45.16 2 1
go-watchlist/business/medias/service.go:49.2,49.19 1 1
go-watchlist/business/medias/service.go:45.16,47.3 1 0
